==18503== Memcheck, a memory error detector
==18503== Copyright (C) 2002-2024, and GNU GPL'd, by Julian Seward et al.
==18503== Using Valgrind-3.25.1 and LibVEX; rerun with -h for copyright info
==18503== Command: ./tree_test test_cards_doesnt_work/
==18503== 
==18503== 
==18503== Process terminating with default action of signal 2 (SIGINT)
==18503==    at 0x4001755: parse_node_label (in /home/shurik/.config/rofi/scripts/c/tree_test)
==18503==    by 0x400183E: get_card_suffix (in /home/shurik/.config/rofi/scripts/c/tree_test)
==18503==    by 0x4001BFD: search_or_create_card_ancestors (in /home/shurik/.config/rofi/scripts/c/tree_test)
==18503==    by 0x40023B9: main (in /home/shurik/.config/rofi/scripts/c/tree_test)
==18503== 
==18503== HEAP SUMMARY:
==18503==     in use at exit: 49,418 bytes in 894 blocks
==18503==   total heap usage: 3,754 allocs, 2,860 frees, 59,355 bytes allocated
==18503== 
==18503== 847 bytes in 121 blocks are definitely lost in loss record 12 of 19
==18503==    at 0x484F7A8: malloc (vg_replace_malloc.c:446)
==18503==    by 0x4909A1F: __vasprintf_internal (vasprintf.c:116)
==18503==    by 0x48D8D1B: asprintf (asprintf.c:31)
==18503==    by 0x4001F0A: search_or_create_card_ancestors (in /home/shurik/.config/rofi/scripts/c/tree_test)
==18503==    by 0x40023B9: main (in /home/shurik/.config/rofi/scripts/c/tree_test)
==18503== 
==18503== 885 bytes in 122 blocks are definitely lost in loss record 14 of 19
==18503==    at 0x484F7A8: malloc (vg_replace_malloc.c:446)
==18503==    by 0x4909A1F: __vasprintf_internal (vasprintf.c:116)
==18503==    by 0x48D8D1B: asprintf (asprintf.c:31)
==18503==    by 0x4001AD9: search_or_create_card_ancestors (in /home/shurik/.config/rofi/scripts/c/tree_test)
==18503==    by 0x40023B9: main (in /home/shurik/.config/rofi/scripts/c/tree_test)
==18503== 
==18503== LEAK SUMMARY:
==18503==    definitely lost: 1,732 bytes in 243 blocks
==18503==    indirectly lost: 0 bytes in 0 blocks
==18503==      possibly lost: 0 bytes in 0 blocks
==18503==    still reachable: 47,686 bytes in 651 blocks
==18503==         suppressed: 0 bytes in 0 blocks
==18503== Reachable blocks (those to which a pointer was found) are not shown.
==18503== To see them, rerun with: --leak-check=full --show-leak-kinds=all
==18503== 
==18503== For lists of detected and suppressed errors, rerun with: -s
==18503== ERROR SUMMARY: 2 errors from 2 contexts (suppressed: 0 from 0)
